2017-12-20 19:01:55,604 [Worker-15] INFO  o.e.m.c.i.p.ProjectConfigurationManager - Collecting project info '/pom.xml' G:\NewMavenProject\PlansAutomation\pom.xml
2017-12-20 19:02:07,331 [Worker-15] INFO  o.e.m.c.i.l.LifecycleMappingFactory - Using org.eclipse.m2e.jdt.JarLifecycleMapping lifecycle mapping for MavenProject: NewAutomationProject:PlansAutomation:0.0.1-SNAPSHOT @ G:\NewMavenProject\PlansAutomation\pom.xml.
2017-12-20 19:02:12,520 [Worker-15] INFO  o.e.m.j.i.AbstractJavaProjectConfigurator - Adding source folder /PlansAutomation/src/main/java
2017-12-20 19:02:12,534 [Worker-15] INFO  o.e.m.j.i.AbstractJavaProjectConfigurator - Adding source folder /PlansAutomation/src/test/java
2017-12-20 19:02:15,318 [Worker-15] INFO  o.e.m.c.i.p.ProjectConfigurationManager - Imported and configured 1 project(s) in 19 sec
2017-12-20 19:02:16,241 [Worker-7] INFO  o.e.m.c.i.embedder.EclipseLogger - Using 'UTF-8' encoding to copy filtered resources.
2017-12-20 19:02:16,242 [Worker-7] INFO  o.e.m.c.i.embedder.EclipseLogger - skip non existing resourceDirectory G:\NewMavenProject\PlansAutomation\src\main\resources
2017-12-20 19:02:16,245 [Worker-7] INFO  o.e.m.c.i.embedder.EclipseLogger - Using 'UTF-8' encoding to copy filtered resources.
2017-12-20 19:02:16,246 [Worker-7] INFO  o.e.m.c.i.embedder.EclipseLogger - skip non existing resourceDirectory G:\NewMavenProject\PlansAutomation\src\test\resources
2017-12-20 19:02:54,499 [Worker-3] INFO  o.e.m.c.i.embedder.EclipseLogger - Using 'UTF-8' encoding to copy filtered resources.
2017-12-20 19:02:54,499 [Worker-3] INFO  o.e.m.c.i.embedder.EclipseLogger - skip non existing resourceDirectory G:\NewMavenProject\PlansAutomation\src\main\resources
2017-12-20 19:02:54,501 [Worker-3] INFO  o.e.m.c.i.embedder.EclipseLogger - Using 'UTF-8' encoding to copy filtered resources.
2017-12-20 19:02:54,501 [Worker-3] INFO  o.e.m.c.i.embedder.EclipseLogger - skip non existing resourceDirectory G:\NewMavenProject\PlansAutomation\src\test\resources
2017-12-20 19:02:55,616 [Worker-7] INFO  o.e.m.c.i.embedder.EclipseLogger - Using 'UTF-8' encoding to copy filtered resources.
2017-12-20 19:02:55,617 [Worker-7] INFO  o.e.m.c.i.embedder.EclipseLogger - skip non existing resourceDirectory G:\NewMavenProject\PlansAutomation\src\main\resources
2017-12-20 19:02:55,619 [Worker-7] INFO  o.e.m.c.i.embedder.EclipseLogger - Using 'UTF-8' encoding to copy filtered resources.
2017-12-20 19:02:55,620 [Worker-7] INFO  o.e.m.c.i.embedder.EclipseLogger - skip non existing resourceDirectory G:\NewMavenProject\PlansAutomation\src\test\resources
2017-12-20 19:04:10,192 [Worker-12] INFO  o.e.m.c.i.l.LifecycleMappingFactory - Using org.eclipse.m2e.jdt.JarLifecycleMapping lifecycle mapping for MavenProject: NewAutomationProject:PlansAutomation:0.0.1-SNAPSHOT @ G:\NewMavenProject\PlansAutomation\pom.xml.
2017-12-20 19:04:19,290 [Worker-12] INFO  o.e.m.c.i.embedder.EclipseLogger - Using 'UTF-8' encoding to copy filtered resources.
2017-12-20 19:04:19,290 [Worker-12] INFO  o.e.m.c.i.embedder.EclipseLogger - skip non existing resourceDirectory G:\NewMavenProject\PlansAutomation\src\main\resources
2017-12-20 19:04:19,291 [Worker-12] INFO  o.e.m.c.i.embedder.EclipseLogger - Using 'UTF-8' encoding to copy filtered resources.
2017-12-20 19:04:19,292 [Worker-12] INFO  o.e.m.c.i.embedder.EclipseLogger - skip non existing resourceDirectory G:\NewMavenProject\PlansAutomation\src\test\resources
2017-12-20 19:04:21,984 [Worker-14] INFO  o.e.m.c.i.embedder.EclipseLogger - Using 'UTF-8' encoding to copy filtered resources.
2017-12-20 19:04:21,985 [Worker-14] INFO  o.e.m.c.i.embedder.EclipseLogger - skip non existing resourceDirectory G:\NewMavenProject\PlansAutomation\src\main\resources
2017-12-20 19:04:21,986 [Worker-14] INFO  o.e.m.c.i.embedder.EclipseLogger - Using 'UTF-8' encoding to copy filtered resources.
2017-12-20 19:04:21,986 [Worker-14] INFO  o.e.m.c.i.embedder.EclipseLogger - skip non existing resourceDirectory G:\NewMavenProject\PlansAutomation\src\test\resources
2017-12-20 19:04:30,771 [Worker-16] INFO  o.e.m.c.i.embedder.EclipseLogger - Using 'UTF-8' encoding to copy filtered resources.
2017-12-20 19:04:30,771 [Worker-16] INFO  o.e.m.c.i.embedder.EclipseLogger - skip non existing resourceDirectory G:\NewMavenProject\PlansAutomation\src\main\resources
2017-12-20 19:04:30,772 [Worker-16] INFO  o.e.m.c.i.embedder.EclipseLogger - Using 'UTF-8' encoding to copy filtered resources.
2017-12-20 19:04:30,772 [Worker-16] INFO  o.e.m.c.i.embedder.EclipseLogger - skip non existing resourceDirectory G:\NewMavenProject\PlansAutomation\src\test\resources
2017-12-20 19:05:18,216 [Worker-4] INFO  o.e.m.c.i.embedder.EclipseLogger - Using 'UTF-8' encoding to copy filtered resources.
2017-12-20 19:05:18,216 [Worker-4] INFO  o.e.m.c.i.embedder.EclipseLogger - skip non existing resourceDirectory G:\NewMavenProject\PlansAutomation\src\main\resources
2017-12-20 19:05:18,217 [Worker-4] INFO  o.e.m.c.i.embedder.EclipseLogger - Using 'UTF-8' encoding to copy filtered resources.
2017-12-20 19:05:18,217 [Worker-4] INFO  o.e.m.c.i.embedder.EclipseLogger - skip non existing resourceDirectory G:\NewMavenProject\PlansAutomation\src\test\resources
2017-12-20 19:06:01,424 [Worker-13] INFO  o.e.m.c.i.embedder.EclipseLogger - Using 'UTF-8' encoding to copy filtered resources.
2017-12-20 19:06:01,424 [Worker-13] INFO  o.e.m.c.i.embedder.EclipseLogger - skip non existing resourceDirectory G:\NewMavenProject\PlansAutomation\src\main\resources
2017-12-20 19:06:01,426 [Worker-13] INFO  o.e.m.c.i.embedder.EclipseLogger - Using 'UTF-8' encoding to copy filtered resources.
2017-12-20 19:06:01,426 [Worker-13] INFO  o.e.m.c.i.embedder.EclipseLogger - skip non existing resourceDirectory G:\NewMavenProject\PlansAutomation\src\test\resources
2017-12-20 19:06:27,623 [Worker-3] INFO  o.e.m.c.i.embedder.EclipseLogger - Using 'UTF-8' encoding to copy filtered resources.
2017-12-20 19:06:27,623 [Worker-3] INFO  o.e.m.c.i.embedder.EclipseLogger - skip non existing resourceDirectory G:\NewMavenProject\PlansAutomation\src\main\resources
2017-12-20 19:06:27,624 [Worker-3] INFO  o.e.m.c.i.embedder.EclipseLogger - Using 'UTF-8' encoding to copy filtered resources.
2017-12-20 19:06:27,624 [Worker-3] INFO  o.e.m.c.i.embedder.EclipseLogger - skip non existing resourceDirectory G:\NewMavenProject\PlansAutomation\src\test\resources
2017-12-20 19:06:40,202 [Worker-3] INFO  o.e.m.c.i.embedder.EclipseLogger - Using 'UTF-8' encoding to copy filtered resources.
2017-12-20 19:06:40,203 [Worker-3] INFO  o.e.m.c.i.embedder.EclipseLogger - skip non existing resourceDirectory G:\NewMavenProject\PlansAutomation\src\main\resources
2017-12-20 19:06:40,204 [Worker-3] INFO  o.e.m.c.i.embedder.EclipseLogger - Using 'UTF-8' encoding to copy filtered resources.
2017-12-20 19:06:40,204 [Worker-3] INFO  o.e.m.c.i.embedder.EclipseLogger - skip non existing resourceDirectory G:\NewMavenProject\PlansAutomation\src\test\resources
2017-12-20 19:06:53,349 [Worker-7] INFO  o.e.m.i.launch.MavenLaunchDelegate - G:\NewMavenProject\PlansAutomation
2017-12-20 19:06:53,350 [Worker-7] INFO  o.e.m.i.launch.MavenLaunchDelegate -  mvn  -B clean
2017-12-20 19:06:56,630 [Worker-7] INFO  o.e.m.c.i.embedder.EclipseLogger - Using 'UTF-8' encoding to copy filtered resources.
2017-12-20 19:06:56,631 [Worker-7] INFO  o.e.m.c.i.embedder.EclipseLogger - skip non existing resourceDirectory G:\NewMavenProject\PlansAutomation\src\main\resources
2017-12-20 19:06:56,636 [Worker-7] INFO  o.e.m.c.i.embedder.EclipseLogger - Using 'UTF-8' encoding to copy filtered resources.
2017-12-20 19:06:56,636 [Worker-7] INFO  o.e.m.c.i.embedder.EclipseLogger - skip non existing resourceDirectory G:\NewMavenProject\PlansAutomation\src\test\resources
2017-12-20 19:07:02,550 [Worker-0] INFO  o.e.m.i.launch.MavenLaunchDelegate - G:\NewMavenProject\PlansAutomation
2017-12-20 19:07:02,551 [Worker-0] INFO  o.e.m.i.launch.MavenLaunchDelegate -  mvn  -B test
2017-12-20 19:07:31,383 [Worker-16] INFO  o.e.m.c.i.embedder.EclipseLogger - Using 'UTF-8' encoding to copy filtered resources.
2017-12-20 19:07:31,384 [Worker-16] INFO  o.e.m.c.i.embedder.EclipseLogger - skip non existing resourceDirectory G:\NewMavenProject\PlansAutomation\src\main\resources
2017-12-20 19:07:31,387 [Worker-16] INFO  o.e.m.c.i.embedder.EclipseLogger - Using 'UTF-8' encoding to copy filtered resources.
2017-12-20 19:07:31,388 [Worker-16] INFO  o.e.m.c.i.embedder.EclipseLogger - skip non existing resourceDirectory G:\NewMavenProject\PlansAutomation\src\test\resources
2017-12-20 19:31:13,585 [Worker-14] INFO  o.e.m.c.i.embedder.EclipseLogger - Using 'UTF-8' encoding to copy filtered resources.
2017-12-20 19:31:13,586 [Worker-14] INFO  o.e.m.c.i.embedder.EclipseLogger - skip non existing resourceDirectory G:\NewMavenProject\PlansAutomation\src\main\resources
2017-12-20 19:31:13,588 [Worker-14] INFO  o.e.m.c.i.embedder.EclipseLogger - Using 'UTF-8' encoding to copy filtered resources.
2017-12-20 19:31:13,588 [Worker-14] INFO  o.e.m.c.i.embedder.EclipseLogger - skip non existing resourceDirectory G:\NewMavenProject\PlansAutomation\src\test\resources
2017-12-20 19:33:02,084 [Worker-14] INFO  o.e.m.c.i.embedder.EclipseLogger - Using 'UTF-8' encoding to copy filtered resources.
2017-12-20 19:33:02,084 [Worker-14] INFO  o.e.m.c.i.embedder.EclipseLogger - skip non existing resourceDirectory G:\NewMavenProject\PlansAutomation\src\main\resources
2017-12-20 19:33:02,086 [Worker-14] INFO  o.e.m.c.i.embedder.EclipseLogger - Using 'UTF-8' encoding to copy filtered resources.
2017-12-20 19:33:02,086 [Worker-14] INFO  o.e.m.c.i.embedder.EclipseLogger - skip non existing resourceDirectory G:\NewMavenProject\PlansAutomation\src\test\resources
